# JRE version: Java(TM) SE Runtime Environment (8.0_111-b14) (build 1.8.0_111-b14)
# Java VM: Java HotSpot(TM) 64-Bit Server VM (25.111-b14 mixed mode windows-amd64 compressed oops)
Heap:
 PSYoungGen      total 150016K, used 109805K [0x00000000d5d80000, 0x00000000e0280000, 0x0000000100000000)
  eden space 132608K, 82% used [0x00000000d5d80000,0x00000000dc825540,0x00000000ddf00000)
  from space 17408K, 3% used [0x00000000df080000,0x00000000df115f10,0x00000000e0180000)
  to   space 17920K, 0% used [0x00000000ddf00000,0x00000000ddf00000,0x00000000df080000)
 ParOldGen       total 87552K, used 26104K [0x0000000081800000, 0x0000000086d80000, 0x00000000d5d80000)
  object space 87552K, 29% used [0x0000000081800000,0x000000008317e0d0,0x0000000086d80000)
 Metaspace       used 19203K, capacity 19442K, committed 19584K, reserved 1067008K
  class space    used 2337K, capacity 2419K, committed 2432K, reserved 1048576K
GC Heap History (10 events):
Event: 71.293 GC heap before
{Heap before GC invocations=4 (full 0):
 PSYoungGen      total 38400K, used 38374K [0x00000000d5d80000, 0x00000000d8800000, 0x0000000100000000)
  eden space 33280K, 100% used [0x00000000d5d80000,0x00000000d7e00000,0x00000000d7e00000)
  from space 5120K, 99% used [0x00000000d7e00000,0x00000000d82f9ab0,0x00000000d8300000)
  to   space 5120K, 0% used [0x00000000d8300000,0x00000000d8300000,0x00000000d8800000)
 ParOldGen       total 87552K, used 15154K [0x0000000081800000, 0x0000000086d80000, 0x00000000d5d80000)
  object space 87552K, 17% used [0x0000000081800000,0x00000000826cc998,0x0000000086d80000)
 Metaspace       used 19044K, capacity 19250K, committed 19328K, reserved 1067008K
  class space    used 2332K, capacity 2419K, committed 2432K, reserved 1048576K
Event: 71.303 GC heap after
Heap after GC invocations=4 (full 0):
 PSYoungGen      total 38400K, used 5094K [0x00000000d5d80000, 0x00000000da880000, 0x0000000100000000)
  eden space 33280K, 0% used [0x00000000d5d80000,0x00000000d5d80000,0x00000000d7e00000)
  from space 5120K, 99% used [0x00000000d8300000,0x00000000d87f9ab0,0x00000000d8800000)
  to   space 5120K, 0% used [0x00000000d7e00000,0x00000000d7e00000,0x00000000d8300000)
 ParOldGen       total 87552K, used 15178K [0x0000000081800000, 0x0000000086d80000, 0x00000000d5d80000)
  object space 87552K, 17% used [0x0000000081800000,0x00000000826d2998,0x0000000086d80000)
 Metaspace       used 19044K, capacity 19250K, committed 19328K, reserved 1067008K
  class space    used 2332K, capacity 2419K, committed 2432K, reserved 1048576K
}
Event: 71.350 GC heap before
{Heap before GC invocations=5 (full 0):
 PSYoungGen      total 38400K, used 38374K [0x00000000d5d80000, 0x00000000da880000, 0x0000000100000000)
  eden space 33280K, 100% used [0x00000000d5d80000,0x00000000d7e00000,0x00000000d7e00000)
  from space 5120K, 99% used [0x00000000d8300000,0x00000000d87f9ab0,0x00000000d8800000)
  to   space 5120K, 0% used [0x00000000d7e00000,0x00000000d7e00000,0x00000000d8300000)
 ParOldGen       total 87552K, used 15178K [0x0000000081800000, 0x0000000086d80000, 0x00000000d5d80000)
  object space 87552K, 17% used [0x0000000081800000,0x00000000826d2998,0x0000000086d80000)
 Metaspace       used 19044K, capacity 19250K, committed 19328K, reserved 1067008K
  class space    used 2332K, capacity 2419K, committed 2432K, reserved 1048576K
Event: 71.355 GC heap after
Heap after GC invocations=5 (full 0):
 PSYoungGen      total 38400K, used 5110K [0x00000000d5d80000, 0x00000000dc080000, 0x0000000100000000)
  eden space 33280K, 0% used [0x00000000d5d80000,0x00000000d5d80000,0x00000000d7e00000)
  from space 5120K, 99% used [0x00000000d7e00000,0x00000000d82fdaa0,0x00000000d8300000)
  to   space 17408K, 0% used [0x00000000daf80000,0x00000000daf80000,0x00000000dc080000)
 ParOldGen       total 87552K, used 15202K [0x0000000081800000, 0x0000000086d80000, 0x00000000d5d80000)
  object space 87552K, 17% used [0x0000000081800000,0x00000000826d8998,0x0000000086d80000)
 Metaspace       used 19044K, capacity 19250K, committed 19328K, reserved 1067008K
  class space    used 2332K, capacity 2419K, committed 2432K, reserved 1048576K
}
Event: 71.399 GC heap before
{Heap before GC invocations=6 (full 0):
 PSYoungGen      total 38400K, used 38390K [0x00000000d5d80000, 0x00000000dc080000, 0x0000000100000000)
  eden space 33280K, 100% used [0x00000000d5d80000,0x00000000d7e00000,0x00000000d7e00000)
  from space 5120K, 99% used [0x00000000d7e00000,0x00000000d82fdaa0,0x00000000d8300000)
  to   space 17408K, 0% used [0x00000000daf80000,0x00000000daf80000,0x00000000dc080000)
 ParOldGen       total 87552K, used 15202K [0x0000000081800000, 0x0000000086d80000, 0x00000000d5d80000)
  object space 87552K, 17% used [0x0000000081800000,0x00000000826d8998,0x0000000086d80000)
 Metaspace       used 19044K, capacity 19250K, committed 19328K, reserved 1067008K
  class space    used 2332K, capacity 2419K, committed 2432K, reserved 1048576K
Event: 71.405 GC heap after
Heap after GC invocations=6 (full 0):
 PSYoungGen      total 80896K, used 7354K [0x00000000d5d80000, 0x00000000dbd80000, 0x0000000100000000)
  eden space 66560K, 0% used [0x00000000d5d80000,0x00000000d5d80000,0x00000000d9e80000)
  from space 14336K, 51% used [0x00000000daf80000,0x00000000db6ae988,0x00000000dbd80000)
  to   space 15872K, 0% used [0x00000000d9e80000,0x00000000d9e80000,0x00000000dae00000)
 ParOldGen       total 87552K, used 15210K [0x0000000081800000, 0x0000000086d80000, 0x00000000d5d80000)
  object space 87552K, 17% used [0x0000000081800000,0x00000000826da998,0x0000000086d80000)
 Metaspace       used 19044K, capacity 19250K, committed 19328K, reserved 1067008K
  class space    used 2332K, capacity 2419K, committed 2432K, reserved 1048576K
}
Event: 72.082 GC heap before
{Heap before GC invocations=7 (full 0):
 PSYoungGen      total 80896K, used 73914K [0x00000000d5d80000, 0x00000000dbd80000, 0x0000000100000000)
  eden space 66560K, 100% used [0x00000000d5d80000,0x00000000d9e80000,0x00000000d9e80000)
  from space 14336K, 51% used [0x00000000daf80000,0x00000000db6ae988,0x00000000dbd80000)
  to   space 15872K, 0% used [0x00000000d9e80000,0x00000000d9e80000,0x00000000dae00000)
 ParOldGen       total 87552K, used 15210K [0x0000000081800000, 0x0000000086d80000, 0x00000000d5d80000)
  object space 87552K, 17% used [0x0000000081800000,0x00000000826da998,0x0000000086d80000)
 Metaspace       used 19044K, capacity 19250K, committed 19328K, reserved 1067008K
  class space    used 2332K, capacity 2419K, committed 2432K, reserved 1048576K
Event: 72.096 GC heap after
Heap after GC invocations=7 (full 0):
 PSYoungGen      total 82432K, used 13256K [0x00000000d5d80000, 0x00000000e0180000, 0x0000000100000000)
  eden space 66560K, 0% used [0x00000000d5d80000,0x00000000d5d80000,0x00000000d9e80000)
  from space 15872K, 83% used [0x00000000d9e80000,0x00000000dab723d8,0x00000000dae00000)
  to   space 17408K, 0% used [0x00000000df080000,0x00000000df080000,0x00000000e0180000)
 ParOldGen       total 87552K, used 25398K [0x0000000081800000, 0x0000000086d80000, 0x00000000d5d80000)
  object space 87552K, 29% used [0x0000000081800000,0x00000000830cdbf8,0x0000000086d80000)
 Metaspace       used 19044K, capacity 19250K, committed 19328K, reserved 1067008K
  class space    used 2332K, capacity 2419K, committed 2432K, reserved 1048576K
}
Event: 116.480 GC heap before
{Heap before GC invocations=8 (full 0):
 PSYoungGen      total 82432K, used 79816K [0x00000000d5d80000, 0x00000000e0180000, 0x0000000100000000)
  eden space 66560K, 100% used [0x00000000d5d80000,0x00000000d9e80000,0x00000000d9e80000)
  from space 15872K, 83% used [0x00000000d9e80000,0x00000000dab723d8,0x00000000dae00000)
  to   space 17408K, 0% used [0x00000000df080000,0x00000000df080000,0x00000000e0180000)
 ParOldGen       total 87552K, used 25398K [0x0000000081800000, 0x0000000086d80000, 0x00000000d5d80000)
  object space 87552K, 29% used [0x0000000081800000,0x00000000830cdbf8,0x0000000086d80000)
 Metaspace       used 19110K, capacity 19314K, committed 19584K, reserved 1067008K
  class space    used 2337K, capacity 2419K, committed 2432K, reserved 1048576K
Event: 116.482 GC heap after
Heap after GC invocations=8 (full 0):
 PSYoungGen      total 150016K, used 599K [0x00000000d5d80000, 0x00000000e0280000, 0x0000000100000000)
  eden space 132608K, 0% used [0x00000000d5d80000,0x00000000d5d80000,0x00000000ddf00000)
  from space 17408K, 3% used [0x00000000df080000,0x00000000df115f10,0x00000000e0180000)
  to   space 17920K, 0% used [0x00000000ddf00000,0x00000000ddf00000,0x00000000df080000)
 ParOldGen       total 87552K, used 26104K [0x0000000081800000, 0x0000000086d80000, 0x00000000d5d80000)
  object space 87552K, 29% used [0x0000000081800000,0x000000008317e0d0,0x0000000086d80000)
 Metaspace       used 19110K, capacity 19314K, committed 19584K, reserved 1067008K
  class space    used 2337K, capacity 2419K, committed 2432K, reserved 1048576K
}

