# JRE version: Java(TM) SE Runtime Environment (8.0_111-b14) (build 1.8.0_111-b14)
# Java VM: Java HotSpot(TM) 64-Bit Server VM (25.111-b14 mixed mode windows-amd64 compressed oops)
Heap:
 PSYoungGen      total 39936K, used 18007K [0x00000000d5d80000, 0x00000000d8d00000, 0x0000000100000000)
  eden space 32256K, 43% used [0x00000000d5d80000,0x00000000d6b16f50,0x00000000d7d00000)
  from space 7680K, 53% used [0x00000000d8580000,0x00000000d897ecd8,0x00000000d8d00000)
  to   space 8192K, 0% used [0x00000000d7d00000,0x00000000d7d00000,0x00000000d8500000)
 ParOldGen       total 87552K, used 10889K [0x0000000081800000, 0x0000000086d80000, 0x00000000d5d80000)
  object space 87552K, 12% used [0x0000000081800000,0x00000000822a2610,0x0000000086d80000)
 Metaspace       used 19366K, capacity 19578K, committed 19840K, reserved 1067008K
  class space    used 2326K, capacity 2419K, committed 2432K, reserved 1048576K
GC Heap History (10 events):
Event: 12.411 GC heap before
{Heap before GC invocations=2 (full 0):
 PSYoungGen      total 38400K, used 38371K [0x00000000d5d80000, 0x00000000d8800000, 0x0000000100000000)
  eden space 33280K, 100% used [0x00000000d5d80000,0x00000000d7e00000,0x00000000d7e00000)
  from space 5120K, 99% used [0x00000000d7e00000,0x00000000d82f8f08,0x00000000d8300000)
  to   space 5120K, 0% used [0x00000000d8300000,0x00000000d8300000,0x00000000d8800000)
 ParOldGen       total 87552K, used 822K [0x0000000081800000, 0x0000000086d80000, 0x00000000d5d80000)
  object space 87552K, 0% used [0x0000000081800000,0x00000000818cda68,0x0000000086d80000)
 Metaspace       used 18514K, capacity 18770K, committed 19072K, reserved 1067008K
  class space    used 2302K, capacity 2387K, committed 2432K, reserved 1048576K
Event: 12.418 GC heap after
Heap after GC invocations=2 (full 0):
 PSYoungGen      total 38400K, used 5091K [0x00000000d5d80000, 0x00000000d8800000, 0x0000000100000000)
  eden space 33280K, 0% used [0x00000000d5d80000,0x00000000d5d80000,0x00000000d7e00000)
  from space 5120K, 99% used [0x00000000d8300000,0x00000000d87f8ee8,0x00000000d8800000)
  to   space 5120K, 0% used [0x00000000d7e00000,0x00000000d7e00000,0x00000000d8300000)
 ParOldGen       total 87552K, used 1889K [0x0000000081800000, 0x0000000086d80000, 0x00000000d5d80000)
  object space 87552K, 2% used [0x0000000081800000,0x00000000819d8420,0x0000000086d80000)
 Metaspace       used 18514K, capacity 18770K, committed 19072K, reserved 1067008K
  class space    used 2302K, capacity 2387K, committed 2432K, reserved 1048576K
}
Event: 21.914 GC heap before
{Heap before GC invocations=3 (full 0):
 PSYoungGen      total 38400K, used 38371K [0x00000000d5d80000, 0x00000000d8800000, 0x0000000100000000)
  eden space 33280K, 100% used [0x00000000d5d80000,0x00000000d7e00000,0x00000000d7e00000)
  from space 5120K, 99% used [0x00000000d8300000,0x00000000d87f8ee8,0x00000000d8800000)
  to   space 5120K, 0% used [0x00000000d7e00000,0x00000000d7e00000,0x00000000d8300000)
 ParOldGen       total 87552K, used 1889K [0x0000000081800000, 0x0000000086d80000, 0x00000000d5d80000)
  object space 87552K, 2% used [0x0000000081800000,0x00000000819d8420,0x0000000086d80000)
 Metaspace       used 19140K, capacity 19378K, committed 19584K, reserved 1067008K
  class space    used 2326K, capacity 2419K, committed 2432K, reserved 1048576K
Event: 21.921 GC heap after
Heap after GC invocations=3 (full 0):
 PSYoungGen      total 38400K, used 5097K [0x00000000d5d80000, 0x00000000d8800000, 0x0000000100000000)
  eden space 33280K, 0% used [0x00000000d5d80000,0x00000000d5d80000,0x00000000d7e00000)
  from space 5120K, 99% used [0x00000000d7e00000,0x00000000d82fa688,0x00000000d8300000)
  to   space 5120K, 0% used [0x00000000d8300000,0x00000000d8300000,0x00000000d8800000)
 ParOldGen       total 87552K, used 4006K [0x0000000081800000, 0x0000000086d80000, 0x00000000d5d80000)
  object space 87552K, 4% used [0x0000000081800000,0x0000000081be9958,0x0000000086d80000)
 Metaspace       used 19140K, capacity 19378K, committed 19584K, reserved 1067008K
  class space    used 2326K, capacity 2419K, committed 2432K, reserved 1048576K
}
Event: 40.311 GC heap before
{Heap before GC invocations=4 (full 0):
 PSYoungGen      total 38400K, used 38377K [0x00000000d5d80000, 0x00000000d8800000, 0x0000000100000000)
  eden space 33280K, 100% used [0x00000000d5d80000,0x00000000d7e00000,0x00000000d7e00000)
  from space 5120K, 99% used [0x00000000d7e00000,0x00000000d82fa688,0x00000000d8300000)
  to   space 5120K, 0% used [0x00000000d8300000,0x00000000d8300000,0x00000000d8800000)
 ParOldGen       total 87552K, used 4006K [0x0000000081800000, 0x0000000086d80000, 0x00000000d5d80000)
  object space 87552K, 4% used [0x0000000081800000,0x0000000081be9958,0x0000000086d80000)
 Metaspace       used 19246K, capacity 19442K, committed 19584K, reserved 1067008K
  class space    used 2326K, capacity 2419K, committed 2432K, reserved 1048576K
Event: 40.317 GC heap after
Heap after GC invocations=4 (full 0):
 PSYoungGen      total 38400K, used 5097K [0x00000000d5d80000, 0x00000000d8800000, 0x0000000100000000)
  eden space 33280K, 0% used [0x00000000d5d80000,0x00000000d5d80000,0x00000000d7e00000)
  from space 5120K, 99% used [0x00000000d8300000,0x00000000d87fa688,0x00000000d8800000)
  to   space 5120K, 0% used [0x00000000d7e00000,0x00000000d7e00000,0x00000000d8300000)
 ParOldGen       total 87552K, used 4334K [0x0000000081800000, 0x0000000086d80000, 0x00000000d5d80000)
  object space 87552K, 4% used [0x0000000081800000,0x0000000081c3b958,0x0000000086d80000)
 Metaspace       used 19246K, capacity 19442K, committed 19584K, reserved 1067008K
  class space    used 2326K, capacity 2419K, committed 2432K, reserved 1048576K
}
Event: 131.356 GC heap before
{Heap before GC invocations=5 (full 0):
 PSYoungGen      total 38400K, used 38377K [0x00000000d5d80000, 0x00000000d8800000, 0x0000000100000000)
  eden space 33280K, 100% used [0x00000000d5d80000,0x00000000d7e00000,0x00000000d7e00000)
  from space 5120K, 99% used [0x00000000d8300000,0x00000000d87fa688,0x00000000d8800000)
  to   space 5120K, 0% used [0x00000000d7e00000,0x00000000d7e00000,0x00000000d8300000)
 ParOldGen       total 87552K, used 4334K [0x0000000081800000, 0x0000000086d80000, 0x00000000d5d80000)
  object space 87552K, 4% used [0x0000000081800000,0x0000000081c3b958,0x0000000086d80000)
 Metaspace       used 19341K, capacity 19570K, committed 19840K, reserved 1067008K
  class space    used 2326K, capacity 2419K, committed 2432K, reserved 1048576K
Event: 131.364 GC heap after
Heap after GC invocations=5 (full 0):
 PSYoungGen      total 37888K, used 3965K [0x00000000d5d80000, 0x00000000d8d80000, 0x0000000100000000)
  eden space 32768K, 0% used [0x00000000d5d80000,0x00000000d5d80000,0x00000000d7d80000)
  from space 5120K, 77% used [0x00000000d7e00000,0x00000000d81df4a8,0x00000000d8300000)
  to   space 8192K, 0% used [0x00000000d8580000,0x00000000d8580000,0x00000000d8d80000)
 ParOldGen       total 87552K, used 10881K [0x0000000081800000, 0x0000000086d80000, 0x00000000d5d80000)
  object space 87552K, 12% used [0x0000000081800000,0x00000000822a0610,0x0000000086d80000)
 Metaspace       used 19341K, capacity 19570K, committed 19840K, reserved 1067008K
  class space    used 2326K, capacity 2419K, committed 2432K, reserved 1048576K
}
Event: 156.822 GC heap before
{Heap before GC invocations=6 (full 0):
 PSYoungGen      total 37888K, used 36733K [0x00000000d5d80000, 0x00000000d8d80000, 0x0000000100000000)
  eden space 32768K, 100% used [0x00000000d5d80000,0x00000000d7d80000,0x00000000d7d80000)
  from space 5120K, 77% used [0x00000000d7e00000,0x00000000d81df4a8,0x00000000d8300000)
  to   space 8192K, 0% used [0x00000000d8580000,0x00000000d8580000,0x00000000d8d80000)
 ParOldGen       total 87552K, used 10881K [0x0000000081800000, 0x0000000086d80000, 0x00000000d5d80000)
  object space 87552K, 12% used [0x0000000081800000,0x00000000822a0610,0x0000000086d80000)
 Metaspace       used 19361K, capacity 19578K, committed 19840K, reserved 1067008K
  class space    used 2326K, capacity 2419K, committed 2432K, reserved 1048576K
Event: 156.830 GC heap after
Heap after GC invocations=6 (full 0):
 PSYoungGen      total 39936K, used 4091K [0x00000000d5d80000, 0x00000000d8d00000, 0x0000000100000000)
  eden space 32256K, 0% used [0x00000000d5d80000,0x00000000d5d80000,0x00000000d7d00000)
  from space 7680K, 53% used [0x00000000d8580000,0x00000000d897ecd8,0x00000000d8d00000)
  to   space 8192K, 0% used [0x00000000d7d00000,0x00000000d7d00000,0x00000000d8500000)
 ParOldGen       total 87552K, used 10889K [0x0000000081800000, 0x0000000086d80000, 0x00000000d5d80000)
  object space 87552K, 12% used [0x0000000081800000,0x00000000822a2610,0x0000000086d80000)
 Metaspace       used 19361K, capacity 19578K, committed 19840K, reserved 1067008K
  class space    used 2326K, capacity 2419K, committed 2432K, reserved 1048576K
}

